epoch,accuracy,loss,val_accuracy,val_loss
0,0.4359000027179718,1.5213751792907715,0.10010000318288803,4.5944743156433105
1,0.5971999764442444,1.1185705661773682,0.27720001339912415,2.218672752380371
2,0.6570600271224976,0.968137264251709,0.6189000010490417,1.101898193359375
3,0.6901000142097473,0.8690791130065918,0.6972000002861023,0.8739029169082642
4,0.72052001953125,0.7871553301811218,0.7275000214576721,0.778791606426239
5,0.7515199780464172,0.7104134559631348,0.7674000263214111,0.6718629002571106
6,0.76801997423172,0.663335919380188,0.7742000222206116,0.6575005054473877
7,0.7823200225830078,0.6215432286262512,0.7771000266075134,0.6646029949188232
8,0.7955999970436096,0.5878026485443115,0.7832000255584717,0.6206393241882324
9,0.8035600185394287,0.5612146854400635,0.7979000210762024,0.5926983952522278
10,0.8146200180053711,0.5317573547363281,0.8198000192642212,0.5230123996734619
11,0.8215799927711487,0.5112248063087463,0.8133000135421753,0.5600863099098206
12,0.8266599774360657,0.4981245994567871,0.8259000182151794,0.5111275911331177
13,0.8297799825668335,0.48234397172927856,0.8234000205993652,0.5230025053024292
14,0.8374000191688538,0.46309205889701843,0.8414000272750854,0.4817456007003784
15,0.8428800106048584,0.4512755572795868,0.84170001745224,0.4871348738670349
16,0.8463600277900696,0.43934962153434753,0.8385000228881836,0.48258891701698303
17,0.8519600033760071,0.4239853024482727,0.8460000157356262,0.47691094875335693
18,0.8557400107383728,0.414640873670578,0.8180999755859375,0.5289515256881714
19,0.8585000038146973,0.4040725827217102,0.8521999716758728,0.45032986998558044
20,0.860480010509491,0.39614632725715637,0.8496000170707703,0.4571223258972168
21,0.8641999959945679,0.38307812809944153,0.8478000164031982,0.4662582576274872
22,0.868619978427887,0.3762855529785156,0.8393999934196472,0.48813754320144653
23,0.8698199987411499,0.36790165305137634,0.8385999798774719,0.49341392517089844
24,0.8715199828147888,0.3660415709018707,0.8621000051498413,0.42505937814712524
25,0.8733800053596497,0.3585166931152344,0.8431000113487244,0.4733244776725769
26,0.8773400187492371,0.34799307584762573,0.8482999801635742,0.46138671040534973
27,0.8793399930000305,0.3418305516242981,0.8496999740600586,0.4758185148239136
28,0.8822600245475769,0.33512499928474426,0.8529000282287598,0.4565262794494629
29,0.8811200261116028,0.334931880235672,0.8605999946594238,0.44149649143218994
30,0.8847600221633911,0.3276851177215576,0.8597999811172485,0.43529146909713745
31,0.8868799805641174,0.32175979018211365,0.8626999855041504,0.42127904295921326
32,0.8889200091362,0.3112686574459076,0.8650000095367432,0.4285477101802826
33,0.8920199871063232,0.3073403835296631,0.8665000200271606,0.42232656478881836
34,0.8920999765396118,0.3078819513320923,0.858299970626831,0.47311609983444214
35,0.8923799991607666,0.3050919473171234,0.8590999841690063,0.44227334856987
36,0.8938800096511841,0.2994568645954132,0.8712000250816345,0.4087742567062378
37,0.8962000012397766,0.2942236065864563,0.8687000274658203,0.41648539900779724
38,0.8968799710273743,0.28934162855148315,0.8695999979972839,0.4277944266796112
39,0.8976399898529053,0.2878744602203369,0.8629999756813049,0.43039795756340027
40,0.9002599716186523,0.28148454427719116,0.8665000200271606,0.4315667450428009
41,0.9000999927520752,0.28374001383781433,0.8565000295639038,0.4473913609981537
42,0.9024800062179565,0.2719744145870209,0.8555999994277954,0.45197489857673645
43,0.904259979724884,0.27051734924316406,0.8727999925613403,0.41699090600013733
44,0.9042800068855286,0.2664423882961273,0.8611000180244446,0.44399410486221313
45,0.9029600024223328,0.2697307765483856,0.8708999752998352,0.40836480259895325
46,0.9057199954986572,0.26212409138679504,0.8708000183105469,0.42185887694358826
47,0.9072999954223633,0.2586856782436371,0.8671000003814697,0.41940420866012573
48,0.9091600179672241,0.25076866149902344,0.8712999820709229,0.417331725358963
49,0.9063400030136108,0.26165831089019775,0.8722000122070312,0.40714362263679504
50,0.9097399711608887,0.24941901862621307,0.8698999881744385,0.4222187101840973
51,0.9096999764442444,0.251742959022522,0.8719000220298767,0.4164266586303711
52,0.9120000004768372,0.24565492570400238,0.8611999750137329,0.44897744059562683
53,0.9115399718284607,0.24636439979076385,0.8628000020980835,0.44778165221214294
54,0.9137399792671204,0.2413337528705597,0.8712000250816345,0.4181002378463745
55,0.912060022354126,0.24433761835098267,0.8751999735832214,0.4045809507369995
56,0.9152799844741821,0.2387186884880066,0.8737999796867371,0.41326582431793213
57,0.915440022945404,0.23396533727645874,0.8741999864578247,0.4135471284389496
58,0.9159200191497803,0.23529183864593506,0.864799976348877,0.43922480940818787
59,0.9169600009918213,0.2283199280500412,0.8707000017166138,0.4302385747432709
60,0.9181399941444397,0.23075997829437256,0.8694999814033508,0.43130648136138916
61,0.9174399971961975,0.22945493459701538,0.8603000044822693,0.46125277876853943
62,0.9189800024032593,0.2262820452451706,0.8702999949455261,0.42932358384132385
63,0.9182199835777283,0.2269747108221054,0.8726999759674072,0.4156062602996826
64,0.9195799827575684,0.22373653948307037,0.8737999796867371,0.409525990486145
65,0.9212599992752075,0.21950946748256683,0.8666999936103821,0.4592738747596741
66,0.9218800067901611,0.21984881162643433,0.8608999848365784,0.46562260389328003
67,0.9210399985313416,0.21873925626277924,0.8794000148773193,0.40862220525741577
68,0.9234799742698669,0.21371810138225555,0.8781999945640564,0.4159422814846039
69,0.9235600233078003,0.21312308311462402,0.8565000295639038,0.48780038952827454
70,0.925279974937439,0.2108311653137207,0.8747000098228455,0.41940122842788696
71,0.9257599711418152,0.20712168514728546,0.8675000071525574,0.4376351535320282
72,0.9261000156402588,0.20988506078720093,0.8809000253677368,0.4189213514328003
73,0.924560010433197,0.20701847970485687,0.8712999820709229,0.42473188042640686
74,0.9262400269508362,0.20658224821090698,0.8752999901771545,0.425807923078537
75,0.9270200133323669,0.20362836122512817,0.8525999784469604,0.5010024905204773
76,0.9260200262069702,0.20565472543239594,0.878600001335144,0.4155661165714264
77,0.9259999990463257,0.20431949198246002,0.8748000264167786,0.4115752577781677
78,0.9280800223350525,0.20080414414405823,0.866100013256073,0.4635848104953766
79,0.9280999898910522,0.19596287608146667,0.8792999982833862,0.40886959433555603
80,0.9294400215148926,0.19918447732925415,0.8797000050544739,0.4113500118255615
81,0.9283199906349182,0.19714416563510895,0.8725000023841858,0.43262308835983276
82,0.9283400177955627,0.19685271382331848,0.8712999820709229,0.44726327061653137
83,0.9319199919700623,0.19234642386436462,0.8824999928474426,0.4005284011363983
84,0.9301599860191345,0.19264575839042664,0.8784000277519226,0.4068005383014679
85,0.9295799732208252,0.1950540393590927,0.8763999938964844,0.429781049489975
86,0.9320799708366394,0.18774619698524475,0.8790000081062317,0.41153833270072937
87,0.9333000183105469,0.18784527480602264,0.875,0.4267269968986511
88,0.9319000244140625,0.188045471906662,0.8805000185966492,0.42836815118789673
89,0.9336400032043457,0.18533843755722046,0.8682000041007996,0.4459986686706543
90,0.9301400184631348,0.19188818335533142,0.8827999830245972,0.40419456362724304
91,0.9344000220298767,0.18103352189064026,0.8662999868392944,0.46928149461746216
92,0.9332200288772583,0.1828422099351883,0.8833000063896179,0.40905237197875977
93,0.9340599775314331,0.17873543500900269,0.8808000087738037,0.42423999309539795
94,0.9348199963569641,0.18312858045101166,0.8772000074386597,0.44006866216659546
95,0.9352200031280518,0.17633496224880219,0.8810999989509583,0.4275277256965637
96,0.9366400241851807,0.17749090492725372,0.8805999755859375,0.4093620181083679
97,0.9359999895095825,0.178318589925766,0.8783000111579895,0.4271698594093323
98,0.9374600052833557,0.1733173280954361,0.8827999830245972,0.42130985856056213
99,0.9350600242614746,0.17448699474334717,0.8835999965667725,0.41169098019599915
